#
# A fatal error has been detected by the Java Runtime Environment:
#
#  SIGSEGV (0xb) at pc=0x00000001014b7254, pid=10134, tid=13059
#
# JRE version: Java(TM) SE Runtime Environment (8.0_45-b14) (build 1.8.0_45-b14)
# Java VM: Java HotSpot(TM) 64-Bit Server VM (25.45-b02 mixed mode bsd-amd64 compressed oops)
# Problematic frame:
# V  [libjvm.dylib+0x2b7254]
#
# Failed to write core dump. Core dumps have been disabled. To enable core dumping, try "ulimit -c unlimited" before starting Java again
#
# If you would like to submit a bug report, please visit:
#   http://bugreport.java.com/bugreport/crash.jsp
#

---------------  T H R E A D  ---------------

Current thread (0x00007fa9c181c000):  GCTaskThread [stack: 0x0000700004764000,0x0000700004864000] [id=13059]

siginfo: si_signo: 11 (SIGSEGV), si_code: 0 (unknown), si_addr: 0x0000000000000000

Registers:
RAX=0x00000001028d4000, RBX=0x00007fa9c0c07860, RCX=0x00bfffffe2000000, RDX=0x05ffffff10000000
RSP=0x0000700004863bf0, RBP=0x0000700004863c10, RSI=0x0000700004863c30, RDI=0x00007fa9c0c07860
R8 =0x0000000000000775, R9 =0x0000000000009e75, R10=0x0424015000000001, R11=0x0000000008000000
R12=0x00000007bbaffed8, R13=0x00000001017ede1e, R14=0x3000000000000000, R15=0x0000000101a15520
RIP=0x00000001014b7254, EFLAGS=0x0000000000010206, ERR=0x0000000000000000
  TRAPNO=0x000000000000000d

Top of Stack: (sp=0x0000700004863bf0)
0x0000700004863bf0:   00007fa9c0c07860 00007fa9c0c07860
0x0000700004863c00:   00000007c0696828 0000000101a15520
0x0000700004863c10:   0000700004863c60 00000001014b3aa7
0x0000700004863c20:   00007fa9c0c07860 00000007bbaffed8
0x0000700004863c30:   3000000000000000 00007fa9c0c07860
0x0000700004863c40:   00000007bbaffed8 00000001017ede1e
0x0000700004863c50:   00007fa9c0c07868 0000000101a15520
0x0000700004863c60:   0000700004863cf0 000000010169e232
0x0000700004863c70:   0000000000000000 00007fa9c0c078a0
0x0000700004863c80:   00007fa9c0c078e8 00007fa9c0c07920
0x0000700004863c90:   0000000000000000 0000000000000000
0x0000700004863ca0:   00000007bbaffed8 00007fa9c5046000
0x0000700004863cb0:   0000700004863c01 00007fa9c181c001
0x0000700004863cc0:   00007fa9c181c000 00007fa9c0c07860
0x0000700004863cd0:   0000000000000000 00000001017ede1e
0x0000700004863ce0:   00007fa9c0f03f00 0000000000000001
0x0000700004863cf0:   0000700004863db0 00000001016917fa
0x0000700004863d00:   0000000000000000 0000000101aa6990
0x0000700004863d10:   0000000000000000 0000700004863d60
0x0000700004863d20:   0000000000000000 0000000101aa6a30
0x0000700004863d30:   0000700004863d00 0000700004863d60
0x0000700004863d40:   0000000101aa6a50 0000000101648400
0x0000700004863d50:   0000700004863d60 00007fa9c0d17c01
0x0000700004863d60:   0000000101aac160 000000010146bc00
0x0000700004863d70:   00007fa9c0c07860 00007fa9c0d1cfe0
0x0000700004863d80:   00007fa9c0d1d010 00007fa9c0d1d020
0x0000700004863d90:   00007fa9c0d1d3f8 00000000000003d8
0x0000700004863da0:   00007fa9c181c000 00007fa9c0f03f00
0x0000700004863db0:   0000700004863e90 000000010146c111
0x0000700004863dc0:   0000700004863df0 00007fa9c0d1cfe0
0x0000700004863dd0:   00007fa9c0d1d010 00007fa9c0d1d020
0x0000700004863de0:   00007fa9c0d1d3f8 00000000000003d8 

Instructions: (pc=0x00000001014b7254)
0x00000001014b7234:   10 48 c1 ea 03 48 8d 0d 18 2e 54 00 8a 09 48 d3
0x00000001014b7244:   ea 48 89 d1 48 83 e1 c0 48 c1 e9 03 48 8b 40 30
0x00000001014b7254:   48 8b 04 08 48 0f a3 d0 72 5d 4c 89 f7 e8 fe c4
0x00000001014b7264:   ee ff 4c 63 f8 48 8d 3d 30 b5 60 00 4c 89 f6 4c 

Register to memory mapping:

RAX=0x00000001028d4000 is an unknown value
RBX=0x00007fa9c0c07860 is an unknown value
RCX=0x00bfffffe2000000 is an unknown value
RDX=0x05ffffff10000000 is an unknown value
RSP=0x0000700004863bf0 is an unknown value
RBP=0x0000700004863c10 is an unknown value
RSI=0x0000700004863c30 is an unknown value
RDI=0x00007fa9c0c07860 is an unknown value
R8 =0x0000000000000775 is an unknown value
R9 =0x0000000000009e75 is an unknown value
R10=0x0424015000000001 is an unknown value
R11=0x0000000008000000 is an unknown value
R12=0x00000007bbaffed8 is an oop
sun.reflect.GeneratedSerializationConstructorAccessor8213 
 - klass: 'sun/reflect/GeneratedSerializationConstructorAccessor8213'
R13=0x00000001017ede1e: _ZZN12outputStream10date_stampEbPKcS1_E10error_time+0xec6 in /Library/Java/JavaVirtualMachines/jdk1.8.0_45.jdk/Contents/Home/jre/lib/server/libjvm.dylib at 0x0000000101200000
R14=0x3000000000000000 is an unknown value
R15=0x0000000101a15520: _ZN8Universe13_narrow_klassE+0 in /Library/Java/JavaVirtualMachines/jdk1.8.0_45.jdk/Contents/Home/jre/lib/server/libjvm.dylib at 0x0000000101200000


Stack: [0x0000700004764000,0x0000700004864000],  sp=0x0000700004863bf0,  free space=1022k
Native frames: (J=compiled Java code, j=interpreted, Vv=VM code, C=native code)
V  [libjvm.dylib+0x2b7254]
V  [libjvm.dylib+0x2b3aa7]
V  [libjvm.dylib+0x49e232]
V  [libjvm.dylib+0x4917fa]
V  [libjvm.dylib+0x26c111]
V  [libjvm.dylib+0x46ea7e]
C  [libsystem_pthread.dylib+0x3aab]  _pthread_body+0xb4
C  [libsystem_pthread.dylib+0x39f7]  _pthread_body+0x0
C  [libsystem_pthread.dylib+0x3221]  thread_start+0xd


---------------  P R O C E S S  ---------------

Java Threads: ( => current thread )
  0x00007fa9c9933800 JavaThread "task-result-getter-3" daemon [_thread_blocked, id=96003, stack(0x0000700008c39000,0x0000700008d39000)]
  0x00007fa9cb025800 JavaThread "task-result-getter-2" daemon [_thread_blocked, id=95491, stack(0x0000700008b36000,0x0000700008c36000)]
  0x00007fa9c2069000 JavaThread "task-result-getter-1" daemon [_thread_blocked, id=94979, stack(0x0000700008a33000,0x0000700008b33000)]
  0x00007fa9c5129000 JavaThread "Executor task launch worker-7" daemon [_thread_blocked, id=93443, stack(0x000070000872a000,0x000070000882a000)]
  0x00007fa9c5127000 JavaThread "Executor task launch worker-6" daemon [_thread_blocked, id=92931, stack(0x0000700008627000,0x0000700008727000)]
  0x00007fa9c5046000 JavaThread "Executor task launch worker-5" daemon [_thread_blocked, id=92419, stack(0x0000700008524000,0x0000700008624000)]
  0x00007fa9c20f5800 JavaThread "Executor task launch worker-4" daemon [_thread_blocked, id=91907, stack(0x0000700008421000,0x0000700008521000)]
  0x00007fa9c5045000 JavaThread "Executor task launch worker-3" daemon [_thread_blocked, id=91395, stack(0x000070000831e000,0x000070000841e000)]
  0x00007fa9c99eb800 JavaThread "Executor task launch worker-2" daemon [_thread_blocked, id=90883, stack(0x000070000821b000,0x000070000831b000)]
  0x00007fa9c4860000 JavaThread "Executor task launch worker-1" daemon [_thread_blocked, id=90371, stack(0x0000700008118000,0x0000700008218000)]
  0x00007fa9ca99e800 JavaThread "task-result-getter-0" daemon [_thread_blocked, id=89863, stack(0x0000700008015000,0x0000700008115000)]
  0x00007fa9c3c21000 JavaThread "threadDeathWatcher-2-1" daemon [_thread_blocked, id=5003, stack(0x0000700007f12000,0x0000700008012000)]
  0x00007fa9c9b9d800 JavaThread "shuffle-server-1" daemon [_thread_in_native, id=4623, stack(0x0000700007e0f000,0x0000700007f0f000)]
  0x00007fa9cb0b1000 JavaThread "shuffle-client-0" daemon [_thread_in_native, id=58763, stack(0x0000700007d0c000,0x0000700007e0c000)]
  0x00007fa9cb0af800 JavaThread "Executor task launch worker-0" daemon [_thread_blocked, id=3935, stack(0x000070000540b000,0x000070000550b000)]
  0x00007fa9c9927000 JavaThread "TimerQueue" daemon [_thread_blocked, id=87683, stack(0x0000700007c09000,0x0000700007d09000)]
  0x00007fa9c1540800 JavaThread "SparkListenerBus" daemon [_thread_blocked, id=83971, stack(0x0000700007a83000,0x0000700007b83000)]
  0x00007fa9c153e800 JavaThread "context-cleaner-periodic-gc" daemon [_thread_blocked, id=83459, stack(0x0000700007980000,0x0000700007a80000)]
  0x00007fa9c1585800 JavaThread "Spark Context Cleaner" daemon [_thread_blocked, id=82947, stack(0x000070000787d000,0x000070000797d000)]
  0x00007fa9c2d4a800 JavaThread "shuffle-server-0" daemon [_thread_in_native, id=82435, stack(0x000070000777a000,0x000070000787a000)]
  0x00007fa9c1fd8000 JavaThread "driver-heartbeater" daemon [_thread_blocked, id=81923, stack(0x0000700007677000,0x0000700007777000)]
  0x00007fa9c3f45000 JavaThread "dag-scheduler-event-loop" daemon [_thread_blocked, id=81411, stack(0x0000700007574000,0x0000700007674000)]
  0x00007fa9c1375800 JavaThread "netty-rpc-env-timeout" daemon [_thread_blocked, id=80899, stack(0x0000700007471000,0x0000700007571000)]
  0x00007fa9c1fae800 JavaThread "Timer-0" daemon [_thread_blocked, id=80387, stack(0x000070000736e000,0x000070000746e000)]
  0x00007fa9c5019000 JavaThread "heartbeat-receiver-event-loop-thread" daemon [_thread_blocked, id=79875, stack(0x000070000726b000,0x000070000736b000)]
  0x00007fa9c1f4c800 JavaThread "SparkUI-60" daemon [_thread_blocked, id=79363, stack(0x0000700007168000,0x0000700007268000)]
  0x00007fa9c1f47000 JavaThread "SparkUI-59" daemon [_thread_blocked, id=78851, stack(0x0000700007065000,0x0000700007165000)]
  0x00007fa9c1f46000 JavaThread "SparkUI-58" daemon [_thread_blocked, id=78339, stack(0x0000700006f62000,0x0000700007062000)]
  0x00007fa9c3f14800 JavaThread "SparkUI-57-acceptor-0@5f7973a7-ServerConnector@51be9638{HTTP/1.1}{0.0.0.0:4040}" daemon [_thread_in_native, id=77827, stack(0x0000700006e5f000,0x0000700006f5f000)]
  0x00007fa9c3f14000 JavaThread "SparkUI-56-selector-ServerConnectorManager@f5f473d/3" daemon [_thread_in_native, id=77315, stack(0x0000700006d5c000,0x0000700006e5c000)]
  0x00007fa9c3ee2000 JavaThread "SparkUI-55-selector-ServerConnectorManager@f5f473d/2" daemon [_thread_in_native, id=76803, stack(0x0000700006c59000,0x0000700006d59000)]
  0x00007fa9c3ee1000 JavaThread "SparkUI-54-selector-ServerConnectorManager@f5f473d/1" daemon [_thread_in_native, id=76291, stack(0x0000700006b56000,0x0000700006c56000)]
  0x00007fa9c3d51800 JavaThread "SparkUI-53-selector-ServerConnectorManager@f5f473d/0" daemon [_thread_in_native, id=75783, stack(0x0000700006a53000,0x0000700006b53000)]
  0x00007fa9c12ac000 JavaThread "map-output-dispatcher-7" daemon [_thread_blocked, id=75267, stack(0x0000700006950000,0x0000700006a50000)]
  0x00007fa9c3e5f000 JavaThread "map-output-dispatcher-6" daemon [_thread_blocked, id=74755, stack(0x000070000684d000,0x000070000694d000)]
  0x00007fa9c1f07000 JavaThread "map-output-dispatcher-5" daemon [_thread_blocked, id=74243, stack(0x000070000674a000,0x000070000684a000)]
  0x00007fa9c1f06000 JavaThread "map-output-dispatcher-4" daemon [_thread_blocked, id=73731, stack(0x0000700006647000,0x0000700006747000)]
  0x00007fa9c2b55000 JavaThread "map-output-dispatcher-3" daemon [_thread_blocked, id=73219, stack(0x0000700006544000,0x0000700006644000)]
  0x00007fa9c1f05800 JavaThread "map-output-dispatcher-2" daemon [_thread_blocked, id=72707, stack(0x0000700006441000,0x0000700006541000)]
  0x00007fa9c1f25800 JavaThread "map-output-dispatcher-1" daemon [_thread_blocked, id=72195, stack(0x000070000633e000,0x000070000643e000)]
  0x00007fa9c1f29800 JavaThread "map-output-dispatcher-0" daemon [_thread_blocked, id=71683, stack(0x000070000623b000,0x000070000633b000)]
  0x00007fa9c3e34000 JavaThread "shuffle-server-0" daemon [_thread_in_native, id=71175, stack(0x0000700006138000,0x0000700006238000)]
  0x00007fa9c3d96000 JavaThread "dispatcher-event-loop-7" daemon [_thread_blocked, id=70659, stack(0x0000700006035000,0x0000700006135000)]
  0x00007fa9c28b7000 JavaThread "dispatcher-event-loop-6" daemon [_thread_blocked, id=70147, stack(0x0000700005f32000,0x0000700006032000)]
  0x00007fa9c3834800 JavaThread "dispatcher-event-loop-5" daemon [_thread_blocked, id=69635, stack(0x0000700005e2f000,0x0000700005f2f000)]
  0x00007fa9c2c56800 JavaThread "dispatcher-event-loop-4" daemon [_thread_blocked, id=69123, stack(0x0000700005d2c000,0x0000700005e2c000)]
  0x00007fa9c2c56000 JavaThread "dispatcher-event-loop-3" daemon [_thread_blocked, id=68611, stack(0x0000700005c29000,0x0000700005d29000)]
  0x00007fa9c3834000 JavaThread "dispatcher-event-loop-2" daemon [_thread_blocked, id=68099, stack(0x0000700005b26000,0x0000700005c26000)]
  0x00007fa9c3852800 JavaThread "dispatcher-event-loop-1" daemon [_thread_blocked, id=67591, stack(0x0000700005a23000,0x0000700005b23000)]
  0x00007fa9c3dfc000 JavaThread "dispatcher-event-loop-0" daemon [_thread_blocked, id=61451, stack(0x0000700005920000,0x0000700005a20000)]
  0x00007fa9c5011800 JavaThread "Java2D Disposer" daemon [_thread_blocked, id=61711, stack(0x000070000581d000,0x000070000591d000)]
  0x00007fa9c1e3a800 JavaThread "Java2D Queue Flusher" daemon [_thread_blocked, id=58119, stack(0x000070000571a000,0x000070000581a000)]
  0x00007fa9c2b20800 JavaThread "DestroyJavaVM" [_thread_blocked, id=7171, stack(0x0000700003f4c000,0x000070000404c000)]
  0x00007fa9c2b3a000 JavaThread "AWT-EventQueue-0" [_thread_blocked, id=57603, stack(0x0000700005617000,0x0000700005717000)]
  0x00007fa9c1dfd800 JavaThread "AWT-Shutdown" [_thread_blocked, id=32287, stack(0x0000700005308000,0x0000700005408000)]
  0x00007fa9c1dd5000 JavaThread "AppKit Thread" daemon [_thread_in_native, id=775, stack(0x00007fff5f285000,0x00007fff5fa85000)]
  0x00007fa9c180c000 JavaThread "Service Thread" daemon [_thread_blocked, id=21251, stack(0x000070000507f000,0x000070000517f000)]
  0x00007fa9c1045000 JavaThread "C1 CompilerThread3" daemon [_thread_blocked, id=20739, stack(0x0000700004f7c000,0x000070000507c000)]
  0x00007fa9c1044000 JavaThread "C2 CompilerThread2" daemon [_thread_blocked, id=20227, stack(0x0000700004e79000,0x0000700004f79000)]
  0x00007fa9c1808000 JavaThread "C2 CompilerThread1" daemon [_thread_blocked, id=19715, stack(0x0000700004d76000,0x0000700004e76000)]
  0x00007fa9c282d800 JavaThread "C2 CompilerThread0" daemon [_thread_blocked, id=19203, stack(0x0000700004c73000,0x0000700004d73000)]
  0x00007fa9c282d000 JavaThread "Signal Dispatcher" daemon [_thread_blocked, id=18691, stack(0x0000700004b70000,0x0000700004c70000)]
  0x00007fa9c3800000 JavaThread "Finalizer" daemon [_thread_blocked, id=14595, stack(0x0000700004a6d000,0x0000700004b6d000)]
  0x00007fa9c101f800 JavaThread "Reference Handler" daemon [_thread_blocked, id=14083, stack(0x000070000496a000,0x0000700004a6a000)]

Other Threads:
  0x00007fa9c101c800 VMThread [stack: 0x0000700004867000,0x0000700004967000] [id=13571]
  0x00007fa9c1809000 WatcherThread [stack: 0x0000700005182000,0x0000700005282000] [id=21763]

=>0x00007fa9c181c000 (exited) GCTaskThread [stack: 0x0000700004764000,0x0000700004864000] [id=13059]

VM state:at safepoint (normal execution)

VM Mutex/Monitor currently owned by a thread:  ([mutex/lock_event])
[0x00007fa9c0c01be0] Threads_lock - owner thread: 0x00007fa9c101c800
[0x00007fa9c0c020e0] Heap_lock - owner thread: 0x00007fa9c5019000

Heap:
 PSYoungGen      total 288256K, used 278528K [0x00000007aab00000, 0x00000007bea00000, 0x00000007c0000000)
  eden space 278528K, 100% used [0x00000007aab00000,0x00000007bbb00000,0x00000007bbb00000)
  from space 9728K, 0% used [0x00000007bd100000,0x00000007bd100000,0x00000007bda80000)
  to   space 22528K, 0% used [0x00000007bbb00000,0x00000007bbb00000,0x00000007bd100000)
 ParOldGen       total 699392K, used 636304K [0x0000000780000000, 0x00000007aab00000, 0x00000007aab00000)
  object space 699392K, 90% used [0x0000000780000000,0x00000007a6d64090,0x00000007aab00000)
 Metaspace       used 61140K, capacity 61579K, committed 62336K, reserved 1103872K
  class space    used 7516K, capacity 7660K, committed 7808K, reserved 1048576K

Card table byte_map: [0x000000010257d000,0x000000010277e000] byte_map_base: 0x00000000fe97d000

Marking Bits: (ParMarkBitMap*) 0x0000000101ac27a0
 Begin Bits: [0x00000001028d4000, 0x00000001038d4000)
 End Bits:   [0x00000001038d4000, 0x00000001048d4000)

Polling page: 0x00000001001f8000

CodeCache: size=245760Kb used=27967Kb max_used=28126Kb free=217792Kb
 bounds [0x000000010a2a7000, 0x000000010be97000, 0x00000001192a7000]
 total_blobs=10335 nmethods=8861 adapters=1385
 compilation: enabled

Compilation events (10 events):
Event: 56773.828 Thread 0x00007fa9c1045000 12922       3       java.util.ResourceBundle$Control::getCandidateLocales (33 bytes)
Event: 56773.828 Thread 0x00007fa9c1045000 nmethod 12922 0x000000010a54af90 code [0x000000010a54b140, 0x000000010a54b668]
Event: 56774.218 Thread 0x00007fa9c1808000 12923       4       org.apache.spark.ui.scope.RDDOperationCluster::<init> (37 bytes)
Event: 56774.221 Thread 0x00007fa9c1808000 nmethod 12923 0x000000010a565650 code [0x000000010a5657a0, 0x000000010a565978]
Event: 56774.819 Thread 0x00007fa9c1045000 12924   !   2       sun.reflect.GeneratedSerializationConstructorAccessor8045::newInstance (49 bytes)
Event: 56774.897 Thread 0x00007fa9c1045000 nmethod 12924 0x000000010ae5d390 code [0x000000010ae5d520, 0x000000010ae5d848]
Event: 56774.898 Thread 0x00007fa9c282d800 12925   !   4       sun.reflect.GeneratedSerializationConstructorAccessor8045::newInstance (49 bytes)
Event: 56775.182 Thread 0x00007fa9c282d800 nmethod 12925 0x000000010a5c2790 code [0x000000010a5c2900, 0x000000010a5c2a48]
Event: 57369.657 Thread 0x00007fa9c1045000 12926       3       scala.concurrent.impl.Promise$CompletionLatch::apply (12 bytes)
Event: 57370.058 Thread 0x00007fa9c1045000 nmethod 12926 0x000000010b226250 code [0x000000010b2263e0, 0x000000010b226968]

GC Heap History (10 events):
Event: 57420.495 GC heap after
Heap after GC invocations=863005 (full 862991):
 PSYoungGen      total 288256K, used 278527K [0x00000007aab00000, 0x00000007bea00000, 0x00000007c0000000)
  eden space 278528K, 99% used [0x00000007aab00000,0x00000007bbafff70,0x00000007bbb00000)
  from space 9728K, 0% used [0x00000007bd100000,0x00000007bd100000,0x00000007bda80000)
  to   space 22528K, 0% used [0x00000007bbb00000,0x00000007bbb00000,0x00000007bd100000)
 ParOldGen       total 699392K, used 636303K [0x0000000780000000, 0x00000007aab00000, 0x00000007aab00000)
  object space 699392K, 90% used [0x0000000780000000,0x00000007a6d63e10,0x00000007aab00000)
 Metaspace       used 61143K, capacity 61585K, committed 62336K, reserved 1103872K
  class space    used 7517K, capacity 7661K, committed 7808K, reserved 1048576K
}
Event: 57420.495 GC heap before
{Heap before GC invocations=863006 (full 862992):
 PSYoungGen      total 288256K, used 278528K [0x00000007aab00000, 0x00000007bea00000, 0x00000007c0000000)
  eden space 278528K, 100% used [0x00000007aab00000,0x00000007bbb00000,0x00000007bbb00000)
  from space 9728K, 0% used [0x00000007bd100000,0x00000007bd100000,0x00000007bda80000)
  to   space 22528K, 0% used [0x00000007bbb00000,0x00000007bbb00000,0x00000007bd100000)
 ParOldGen       total 699392K, used 636303K [0x0000000780000000, 0x00000007aab00000, 0x00000007aab00000)
  object space 699392K, 90% used [0x0000000780000000,0x00000007a6d63e10,0x00000007aab00000)
 Metaspace       used 61143K, capacity 61585K, committed 62336K, reserved 1103872K
  class space    used 7517K, capacity 7661K, committed 7808K, reserved 1048576K
Event: 57420.553 GC heap after
Heap after GC invocations=863006 (full 862992):
 PSYoungGen      total 288256K, used 278527K [0x00000007aab00000, 0x00000007bea00000, 0x00000007c0000000)
  eden space 278528K, 99% used [0x00000007aab00000,0x00000007bbafffb8,0x00000007bbb00000)
  from space 9728K, 0% used [0x00000007bd100000,0x00000007bd100000,0x00000007bda80000)
  to   space 22528K, 0% used [0x00000007bbb00000,0x00000007bbb00000,0x00000007bd100000)
 ParOldGen       total 699392K, used 636303K [0x0000000780000000, 0x00000007aab00000, 0x00000007aab00000)
  object space 699392K, 90% used [0x0000000780000000,0x00000007a6d63e10,0x00000007aab00000)
 Metaspace       used 61143K, capacity 61585K, committed 62336K, reserved 1103872K
  class space    used 7517K, capacity 7661K, committed 7808K, reserved 1048576K
}
Event: 57420.553 GC heap before
{Heap before GC invocations=863007 (full 862993):
 PSYoungGen      total 288256K, used 278528K [0x00000007aab00000, 0x00000007bea00000, 0x00000007c0000000)
  eden space 278528K, 100% used [0x00000007aab00000,0x00000007bbb00000,0x00000007bbb00000)
  from space 9728K, 0% used [0x00000007bd100000,0x00000007bd100000,0x00000007bda80000)
  to   space 22528K, 0% used [0x00000007bbb00000,0x00000007bbb00000,0x00000007bd100000)
 ParOldGen       total 699392K, used 636303K [0x0000000780000000, 0x00000007aab00000, 0x00000007aab00000)
  object space 699392K, 90% used [0x0000000780000000,0x00000007a6d63e10,0x00000007aab00000)
 Metaspace       used 61143K, capacity 61585K, committed 62336K, reserved 1103872K
  class space    used 7517K, capacity 7661K, committed 7808K, reserved 1048576K
Event: 57420.612 GC heap after
Heap after GC invocations=863007 (full 862993):
 PSYoungGen      total 288256K, used 278527K [0x00000007aab00000, 0x00000007bea00000, 0x00000007c0000000)
  eden space 278528K, 99% used [0x00000007aab00000,0x00000007bbaffff0,0x00000007bbb00000)
  from space 9728K, 0% used [0x00000007bd100000,0x00000007bd100000,0x00000007bda80000)
  to   space 22528K, 0% used [0x00000007bbb00000,0x00000007bbb00000,0x00000007bd100000)
 ParOldGen       total 699392K, used 636303K [0x0000000780000000, 0x00000007aab00000, 0x00000007aab00000)
  object space 699392K, 90% used [0x0000000780000000,0x00000007a6d63e10,0x00000007aab00000)
 Metaspace       used 61143K, capacity 61585K, committed 62336K, reserved 1103872K
  class space    used 7517K, capacity 7661K, committed 7808K, reserved 1048576K
}
Event: 57420.612 GC heap before
{Heap before GC invocations=863008 (full 862994):
 PSYoungGen      total 288256K, used 278528K [0x00000007aab00000, 0x00000007bea00000, 0x00000007c0000000)
  eden space 278528K, 100% used [0x00000007aab00000,0x00000007bbb00000,0x00000007bbb00000)
  from space 9728K, 0% used [0x00000007bd100000,0x00000007bd100000,0x00000007bda80000)
  to   space 22528K, 0% used [0x00000007bbb00000,0x00000007bbb00000,0x00000007bd100000)
 ParOldGen       total 699392K, used 636305K [0x0000000780000000, 0x00000007aab00000, 0x00000007aab00000)
  object space 699392K, 90% used [0x0000000780000000,0x00000007a6d645d8,0x00000007aab00000)
 Metaspace       used 61144K, capacity 61585K, committed 62336K, reserved 1103872K
  class space    used 7517K, capacity 7661K, committed 7808K, reserved 1048576K
Event: 57420.674 GC heap after
Heap after GC invocations=863008 (full 862994):
 PSYoungGen      total 288256K, used 278528K [0x00000007aab00000, 0x00000007bea00000, 0x00000007c0000000)
  eden space 278528K, 100% used [0x00000007aab00000,0x00000007bbb00000,0x00000007bbb00000)
  from space 9728K, 0% used [0x00000007bd100000,0x00000007bd100000,0x00000007bda80000)
  to   space 22528K, 0% used [0x00000007bbb00000,0x00000007bbb00000,0x00000007bd100000)
 ParOldGen       total 699392K, used 636304K [0x0000000780000000, 0x00000007aab00000, 0x00000007aab00000)
  object space 699392K, 90% used [0x0000000780000000,0x00000007a6d64040,0x00000007aab00000)
 Metaspace       used 61144K, capacity 61585K, committed 62336K, reserved 1103872K
  class space    used 7517K, capacity 7661K, committed 7808K, reserved 1048576K
}
Event: 57420.674 GC heap before
{Heap before GC invocations=863009 (full 862995):
 PSYoungGen      total 288256K, used 278528K [0x00000007aab00000, 0x00000007bea00000, 0x00000007c0000000)
  eden space 278528K, 100% used [0x00000007aab00000,0x00000007bbb00000,0x00000007bbb00000)
  from space 9728K, 0% used [0x00000007bd100000,0x00000007bd100000,0x00000007bda80000)
  to   space 22528K, 0% used [0x00000007bbb00000,0x00000007bbb00000,0x00000007bd100000)
 ParOldGen       total 699392K, used 636305K [0x0000000780000000, 0x00000007aab00000, 0x00000007aab00000)
  object space 699392K, 90% used [0x0000000780000000,0x00000007a6d646b0,0x00000007aab00000)
 Metaspace       used 61144K, capacity 61585K, committed 62336K, reserved 1103872K
  class space    used 7517K, capacity 7661K, committed 7808K, reserved 1048576K
Event: 57420.741 GC heap after
Heap after GC invocations=863009 (full 862995):
 PSYoungGen      total 288256K, used 278527K [0x00000007aab00000, 0x00000007bea00000, 0x00000007c0000000)
  eden space 278528K, 99% used [0x00000007aab00000,0x00000007bbaffed8,0x00000007bbb00000)
  from space 9728K, 0% used [0x00000007bd100000,0x00000007bd100000,0x00000007bda80000)
  to   space 22528K, 0% used [0x00000007bbb00000,0x00000007bbb00000,0x00000007bd100000)
 ParOldGen       total 699392K, used 636304K [0x0000000780000000, 0x00000007aab00000, 0x00000007aab00000)
  object space 699392K, 90% used [0x0000000780000000,0x00000007a6d64090,0x00000007aab00000)
 Metaspace       used 61140K, capacity 61579K, committed 62336K, reserved 1103872K
  class space    used 7516K, capacity 7660K, committed 7808K, reserved 1048576K
}
Event: 57420.742 GC heap before
{Heap before GC invocations=863010 (full 862996):
 PSYoungGen      total 288256K, used 278528K [0x00000007aab00000, 0x00000007bea00000, 0x00000007c0000000)
  eden space 278528K, 100% used [0x00000007aab00000,0x00000007bbb00000,0x00000007bbb00000)
  from space 9728K, 0% used [0x00000007bd100000,0x00000007bd100000,0x00000007bda80000)
  to   space 22528K, 0% used [0x00000007bbb00000,0x00000007bbb00000,0x00000007bd100000)
 ParOldGen       total 699392K, used 636304K [0x0000000780000000, 0x00000007aab00000, 0x00000007aab00000)
  object space 699392K, 90% used [0x0000000780000000,0x00000007a6d64090,0x00000007aab00000)
 Metaspace       used 61140K, capacity 61579K, committed 62336K, reserved 1103872K
  class space    used 7516K, capacity 7660K, committed 7808K, reserved 1048576K

Deoptimization events (10 events):
Event: 31922.484 Thread 0x00007fa9c2b3a000 Uncommon trap: reason=class_check action=maybe_recompile pc=0x000000010a929920 method=sun.reflect.DelegatingMethodAccessorImpl.invoke(Ljava/lang/Object;[Ljava/lang/Object;)Ljava/lang/Object; @ 6
Event: 31922.484 Thread 0x00007fa9c2b3a000 Uncommon trap: reason=class_check action=maybe_recompile pc=0x000000010a929920 method=sun.reflect.DelegatingMethodAccessorImpl.invoke(Ljava/lang/Object;[Ljava/lang/Object;)Ljava/lang/Object; @ 6
Event: 31922.626 Thread 0x00007fa9c2b3a000 Uncommon trap: reason=class_check action=maybe_recompile pc=0x000000010a929920 method=sun.reflect.DelegatingMethodAccessorImpl.invoke(Ljava/lang/Object;[Ljava/lang/Object;)Ljava/lang/Object; @ 6
Event: 32500.550 Thread 0x00007fa9c3dfc000 Uncommon trap: reason=unstable_if action=reinterpret pc=0x000000010a88c300 method=scala.concurrent.impl.Promise$DefaultPromise.tryCompleteAndGetListeners(Lscala/util/Try;)Lscala/collection/immutable/List; @ 23
Event: 34605.025 Thread 0x00007fa9c99eb800 Uncommon trap: reason=array_check action=maybe_recompile pc=0x000000010bd21950 method=java.util.ComparableTimSort.binarySort([Ljava/lang/Object;III)V @ 183
Event: 34605.583 Thread 0x00007fa9c2b3a000 Uncommon trap: reason=array_check action=maybe_recompile pc=0x000000010bd2189c method=java.util.ComparableTimSort.binarySort([Ljava/lang/Object;III)V @ 193
Event: 34605.749 Thread 0x00007fa9c3852800 Uncommon trap: reason=array_check action=maybe_recompile pc=0x000000010bd21678 method=java.util.ComparableTimSort.binarySort([Ljava/lang/Object;III)V @ 215
Event: 34605.750 Thread 0x00007fa9c3852800 Uncommon trap: reason=array_check action=maybe_recompile pc=0x000000010bd2189c method=java.util.ComparableTimSort.binarySort([Ljava/lang/Object;III)V @ 193
Event: 46874.470 Thread 0x00007fa9c2c56000 Uncommon trap: reason=unstable_if action=reinterpret pc=0x000000010b546e58 method=java.util.concurrent.locks.AbstractQueuedSynchronizer.findNodeFromTail(Ljava/util/concurrent/locks/AbstractQueuedSynchronizer$Node;)Z @ 7
Event: 56839.304 Thread 0x00007fa9c3dfc000 Uncommon trap: reason=unstable_if action=reinterpret pc=0x000000010b38dad0 method=java.util.concurrent.locks.AbstractQueuedSynchronizer.doReleaseShared()V @ 58

Internal exceptions (10 events):
Event: 57403.350 Thread 0x00007fa9c5046000 Exception <a 'java/lang/NoSuchMethodError': <clinit>> (0x00000007bbab2400) thrown at [/Users/java_re/workspace/8-2-build-macosx-x86_64/jdk8u45/3457/hotspot/src/share/vm/prims/jni.cpp, line 1598]
Event: 57403.350 Thread 0x00007fa9c5045000 Exception <a 'java/lang/NoSuchMethodError': <clinit>> (0x00000007bbabe7e8) thrown at [/Users/java_re/workspace/8-2-build-macosx-x86_64/jdk8u45/3457/hotspot/src/share/vm/prims/jni.cpp, line 1598]
Event: 57403.592 Thread 0x00007fa9c5129000 Exception <a 'java/lang/NoSuchMethodError': <clinit>> (0x00000007bbaf6190) thrown at [/Users/java_re/workspace/8-2-build-macosx-x86_64/jdk8u45/3457/hotspot/src/share/vm/prims/jni.cpp, line 1598]
Event: 57403.592 Thread 0x00007fa9c99eb800 Exception <a 'java/lang/NoSuchMethodError': <clinit>> (0x00000007bbaf8360) thrown at [/Users/java_re/workspace/8-2-build-macosx-x86_64/jdk8u45/3457/hotspot/src/share/vm/prims/jni.cpp, line 1598]
Event: 57403.669 Thread 0x00007fa9c5127000 Exception <a 'java/lang/NoSuchMethodError': <clinit>> (0x00000007bbaf50d8) thrown at [/Users/java_re/workspace/8-2-build-macosx-x86_64/jdk8u45/3457/hotspot/src/share/vm/prims/jni.cpp, line 1598]
Event: 57403.735 Thread 0x00007fa9cb0af800 Exception <a 'java/lang/NoSuchMethodError': <clinit>> (0x00000007bbaf8ae8) thrown at [/Users/java_re/workspace/8-2-build-macosx-x86_64/jdk8u45/3457/hotspot/src/share/vm/prims/jni.cpp, line 1598]
Event: 57403.800 Thread 0x00007fa9c5046000 Exception <a 'java/lang/NoSuchMethodError': <clinit>> (0x00000007bbaf9330) thrown at [/Users/java_re/workspace/8-2-build-macosx-x86_64/jdk8u45/3457/hotspot/src/share/vm/prims/jni.cpp, line 1598]
Event: 57404.051 Thread 0x00007fa9c4860000 Exception <a 'java/lang/NoSuchMethodError': <clinit>> (0x00000007bbaf81e0) thrown at [/Users/java_re/workspace/8-2-build-macosx-x86_64/jdk8u45/3457/hotspot/src/share/vm/prims/jni.cpp, line 1598]
Event: 57404.283 Thread 0x00007fa9c20f5800 Exception <a 'java/lang/NoSuchMethodError': <clinit>> (0x00000007bbafd050) thrown at [/Users/java_re/workspace/8-2-build-macosx-x86_64/jdk8u45/3457/hotspot/src/share/vm/prims/jni.cpp, line 1598]
Event: 57404.461 Thread 0x00007fa9c5045000 Exception <a 'java/lang/NoSuchMethodError': <clinit>> (0x00000007bbafc6b0) thrown at [/Users/java_re/workspace/8-2-build-macosx-x86_64/jdk8u45/3457/hotspot/src/share/vm/prims/jni.cpp, line 1598]

Events (10 events):
Event: 57420.495 Executing VM operation: ParallelGCFailedAllocation done
Event: 57420.495 Executing VM operation: ParallelGCFailedAllocation
Event: 57420.553 Executing VM operation: ParallelGCFailedAllocation done
Event: 57420.553 Executing VM operation: ParallelGCFailedAllocation
Event: 57420.612 Executing VM operation: ParallelGCFailedAllocation done
Event: 57420.612 Executing VM operation: ParallelGCFailedAllocation
Event: 57420.674 Executing VM operation: ParallelGCFailedAllocation done
Event: 57420.674 Executing VM operation: ParallelGCFailedAllocation
Event: 57420.741 Executing VM operation: ParallelGCFailedAllocation done
Event: 57420.741 Executing VM operation: ParallelGCFailedAllocation


Dynamic libraries:
0x0000000036f44000 	/System/Library/Frameworks/Cocoa.framework/Versions/A/Cocoa
0x0000000036f44000 	/System/Library/Frameworks/Security.framework/Versions/A/Security
0x0000000036f44000 	/System/Library/Frameworks/ApplicationServices.framework/Versions/A/ApplicationServices
0x0000000036f44000 	/usr/lib/libz.1.dylib
0x0000000036f44000 	/usr/lib/libSystem.B.dylib
0x0000000036f44000 	/usr/lib/libobjc.A.dylib
0x0000000036f44000 	/System/Library/Frameworks/CoreFoundation.framework/Versions/A/CoreFoundation
0x0000000036f44000 	/System/Library/Frameworks/Foundation.framework/Versions/C/Foundation
0x0000000036f44000 	/System/Library/Frameworks/AppKit.framework/Versions/C/AppKit
0x0000000036f44000 	/System/Library/Frameworks/CoreData.framework/Versions/A/CoreData
0x0000000036f44000 	/System/Library/PrivateFrameworks/RemoteViewServices.framework/Versions/A/RemoteViewServices
0x0000000036f44000 	/System/Library/PrivateFrameworks/UIFoundation.framework/Versions/A/UIFoundation
0x0000000036f44000 	/usr/lib/libenergytrace.dylib
0x0000000036f44000 	/System/Library/PrivateFrameworks/SkyLight.framework/Versions/A/SkyLight
0x0000000036f44000 	/System/Library/Frameworks/CoreGraphics.framework/Versions/A/CoreGraphics
0x0000000036f44000 	/usr/lib/libScreenReader.dylib
0x0000000036f44000 	/System/Library/Frameworks/Accelerate.framework/Versions/A/Accelerate
0x0000000036f44000 	/System/Library/Frameworks/IOSurface.framework/Versions/A/IOSurface
0x0000000036f44000 	/System/Library/Frameworks/AudioToolbox.framework/Versions/A/AudioToolbox
0x0000000036f44000 	/System/Library/Frameworks/AudioUnit.framework/Versions/A/AudioUnit
0x0000000036f44000 	/System/Library/PrivateFrameworks/DataDetectorsCore.framework/Versions/A/DataDetectorsCore
0x0000000036f44000 	/System/Library/PrivateFrameworks/DesktopServicesPriv.framework/Versions/A/DesktopServicesPriv
0x0000000036f44000 	/System/Library/Frameworks/Carbon.framework/Versions/A/Frameworks/HIToolbox.framework/Versions/A/HIToolbox
0x0000000036f44000 	/usr/lib/libicucore.A.dylib
0x0000000036f44000 	/System/Library/Frameworks/QuartzCore.framework/Versions/A/QuartzCore
0x0000000036f44000 	/System/Library/Frameworks/Carbon.framework/Versions/A/Frameworks/SpeechRecognition.framework/Versions/A/SpeechRecognition
0x0000000036f44000 	/usr/lib/libauto.dylib
0x0000000036f44000 	/usr/lib/libxml2.2.dylib
0x0000000036f44000 	/System/Library/PrivateFrameworks/CoreUI.framework/Versions/A/CoreUI
0x0000000036f44000 	/System/Library/Frameworks/CoreAudio.framework/Versions/A/CoreAudio
0x0000000036f44000 	/System/Library/Frameworks/DiskArbitration.framework/Versions/A/DiskArbitration
0x0000000036f44000 	/usr/lib/liblangid.dylib
0x0000000036f44000 	/System/Library/PrivateFrameworks/MultitouchSupport.framework/Versions/A/MultitouchSupport
0x0000000036f44000 	/System/Library/Frameworks/IOKit.framework/Versions/A/IOKit
0x0000000036f44000 	/usr/lib/libDiagnosticMessagesClient.dylib
0x0000000036f44000 	/System/Library/Frameworks/CoreServices.framework/Versions/A/CoreServices
0x0000000036f44000 	/System/Library/PrivateFrameworks/PerformanceAnalysis.framework/Versions/A/PerformanceAnalysis
0x0000000036f44000 	/System/Library/PrivateFrameworks/GenerationalStorage.framework/Versions/A/GenerationalStorage
0x0000000036f44000 	/System/Library/Frameworks/OpenGL.framework/Versions/A/OpenGL
0x0000000036f44000 	/System/Library/Frameworks/CoreImage.framework/Versions/A/CoreImage
0x0000000036f44000 	/System/Library/Frameworks/CoreText.framework/Versions/A/CoreText
0x0000000036f44000 	/System/Library/Frameworks/ImageIO.framework/Versions/A/ImageIO
0x0000000036f44000 	/System/Library/PrivateFrameworks/Backup.framework/Versions/A/Backup
0x0000000036f44000 	/usr/lib/libarchive.2.dylib
0x0000000036f44000 	/System/Library/Frameworks/CFNetwork.framework/Versions/A/CFNetwork
0x0000000036f44000 	/System/Library/Frameworks/SystemConfiguration.framework/Versions/A/SystemConfiguration
0x0000000036f44000 	/usr/lib/libCRFSuite.dylib
0x0000000036f44000 	/usr/lib/libc++.1.dylib
0x0000000036f44000 	/usr/lib/libc++abi.dylib
0x0000000036f44000 	/usr/lib/system/libcache.dylib
0x0000000036f44000 	/usr/lib/system/libcommonCrypto.dylib
0x0000000036f44000 	/usr/lib/system/libcompiler_rt.dylib
0x0000000036f44000 	/usr/lib/system/libcopyfile.dylib
0x0000000036f44000 	/usr/lib/system/libcorecrypto.dylib
0x0000000036f44000 	/usr/lib/system/libdispatch.dylib
0x0000000036f44000 	/usr/lib/system/libdyld.dylib
0x0000000036f44000 	/usr/lib/system/libkeymgr.dylib
0x0000000036f44000 	/usr/lib/system/liblaunch.dylib
0x0000000036f44000 	/usr/lib/system/libmacho.dylib
0x0000000036f44000 	/usr/lib/system/libquarantine.dylib
0x0000000036f44000 	/usr/lib/system/libremovefile.dylib
0x0000000036f44000 	/usr/lib/system/libsystem_asl.dylib
0x0000000036f44000 	/usr/lib/system/libsystem_blocks.dylib
0x0000000036f44000 	/usr/lib/system/libsystem_c.dylib
0x0000000036f44000 	/usr/lib/system/libsystem_configuration.dylib
0x0000000036f44000 	/usr/lib/system/libsystem_coreservices.dylib
0x0000000036f44000 	/usr/lib/system/libsystem_coretls.dylib
0x0000000036f44000 	/usr/lib/system/libsystem_dnssd.dylib
0x0000000036f44000 	/usr/lib/system/libsystem_info.dylib
0x0000000036f44000 	/usr/lib/system/libsystem_kernel.dylib
0x0000000036f44000 	/usr/lib/system/libsystem_m.dylib
0x0000000036f44000 	/usr/lib/system/libsystem_malloc.dylib
0x0000000036f44000 	/usr/lib/system/libsystem_network.dylib
0x0000000036f44000 	/usr/lib/system/libsystem_networkextension.dylib
0x0000000036f44000 	/usr/lib/system/libsystem_notify.dylib
0x0000000036f44000 	/usr/lib/system/libsystem_platform.dylib
0x0000000036f44000 	/usr/lib/system/libsystem_pthread.dylib
0x0000000036f44000 	/usr/lib/system/libsystem_sandbox.dylib
0x0000000036f44000 	/usr/lib/system/libsystem_secinit.dylib
0x0000000036f44000 	/usr/lib/system/libsystem_symptoms.dylib
0x0000000036f44000 	/usr/lib/system/libsystem_trace.dylib
0x0000000036f44000 	/usr/lib/system/libunwind.dylib
0x0000000036f44000 	/usr/lib/system/libxpc.dylib
0x0000000036f44000 	/usr/lib/libbsm.0.dylib
0x0000000036f44000 	/usr/lib/system/libkxld.dylib
0x0000000036f44000 	/usr/lib/libcoretls.dylib
0x0000000036f44000 	/usr/lib/libcoretls_cfhelpers.dylib
0x0000000036f44000 	/usr/lib/libxar.1.dylib
0x0000000036f44000 	/usr/lib/libsqlite3.dylib
0x0000000036f44000 	/usr/lib/libpam.2.dylib
0x0000000036f44000 	/usr/lib/libOpenScriptingUtil.dylib
0x0000000036f44000 	/usr/lib/libbz2.1.0.dylib
0x0000000036f44000 	/usr/lib/liblzma.5.dylib
0x0000000036f44000 	/usr/lib/libnetwork.dylib
0x0000000036f44000 	/usr/lib/libpcap.A.dylib
0x0000000036f44000 	/System/Library/Frameworks/CoreServices.framework/Versions/A/Frameworks/FSEvents.framework/Versions/A/FSEvents
0x0000000036f44000 	/System/Library/Frameworks/CoreServices.framework/Versions/A/Frameworks/CarbonCore.framework/Versions/A/CarbonCore
0x0000000036f44000 	/System/Library/Frameworks/CoreServices.framework/Versions/A/Frameworks/Metadata.framework/Versions/A/Metadata
0x0000000036f44000 	/System/Library/Frameworks/CoreServices.framework/Versions/A/Frameworks/OSServices.framework/Versions/A/OSServices
0x0000000036f44000 	/System/Library/Frameworks/CoreServices.framework/Versions/A/Frameworks/SearchKit.framework/Versions/A/SearchKit
0x0000000036f44000 	/System/Library/Frameworks/CoreServices.framework/Versions/A/Frameworks/AE.framework/Versions/A/AE
0x0000000036f44000 	/System/Library/Frameworks/CoreServices.framework/Versions/A/Frameworks/LaunchServices.framework/Versions/A/LaunchServices
0x0000000036f44000 	/System/Library/Frameworks/CoreServices.framework/Versions/A/Frameworks/DictionaryServices.framework/Versions/A/DictionaryServices
0x0000000036f44000 	/System/Library/Frameworks/CoreServices.framework/Versions/A/Frameworks/SharedFileList.framework/Versions/A/SharedFileList
0x0000000036f44000 	/System/Library/Frameworks/NetFS.framework/Versions/A/NetFS
0x0000000036f44000 	/System/Library/PrivateFrameworks/NetAuth.framework/Versions/A/NetAuth
0x0000000036f44000 	/System/Library/PrivateFrameworks/login.framework/Versions/A/Frameworks/loginsupport.framework/Versions/A/loginsupport
0x0000000036f44000 	/System/Library/PrivateFrameworks/TCC.framework/Versions/A/TCC
0x0000000036f44000 	/usr/lib/libmecabra.dylib
0x0000000036f44000 	/System/Library/Frameworks/ApplicationServices.framework/Versions/A/Frameworks/ATS.framework/Versions/A/ATS
0x0000000036f44000 	/System/Library/Frameworks/ApplicationServices.framework/Versions/A/Frameworks/ColorSync.framework/Versions/A/ColorSync
0x0000000036f44000 	/System/Library/Frameworks/ApplicationServices.framework/Versions/A/Frameworks/HIServices.framework/Versions/A/HIServices
0x0000000036f44000 	/System/Library/Frameworks/ApplicationServices.framework/Versions/A/Frameworks/LangAnalysis.framework/Versions/A/LangAnalysis
0x0000000036f44000 	/System/Library/Frameworks/ApplicationServices.framework/Versions/A/Frameworks/PrintCore.framework/Versions/A/PrintCore
0x0000000036f44000 	/System/Library/Frameworks/ApplicationServices.framework/Versions/A/Frameworks/QD.framework/Versions/A/QD
0x0000000036f44000 	/System/Library/Frameworks/ApplicationServices.framework/Versions/A/Frameworks/SpeechSynthesis.framework/Versions/A/SpeechSynthesis
0x0000000036f44000 	/System/Library/Frameworks/Accelerate.framework/Versions/A/Frameworks/vImage.framework/Versions/A/vImage
0x0000000036f44000 	/System/Library/Frameworks/Accelerate.framework/Versions/A/Frameworks/vecLib.framework/Versions/A/vecLib
0x0000000036f44000 	/System/Library/Frameworks/Accelerate.framework/Versions/A/Frameworks/vecLib.framework/Versions/A/libvDSP.dylib
0x0000000036f44000 	/System/Library/Frameworks/Accelerate.framework/Versions/A/Frameworks/vecLib.framework/Versions/A/libBNNS.dylib
0x0000000036f44000 	/System/Library/Frameworks/Accelerate.framework/Versions/A/Frameworks/vecLib.framework/Versions/A/libQuadrature.dylib
0x0000000036f44000 	/System/Library/Frameworks/Accelerate.framework/Versions/A/Frameworks/vecLib.framework/Versions/A/libvMisc.dylib
0x0000000036f44000 	/System/Library/Frameworks/Accelerate.framework/Versions/A/Frameworks/vecLib.framework/Versions/A/libLAPACK.dylib
0x0000000036f44000 	/System/Library/Frameworks/Accelerate.framework/Versions/A/Frameworks/vecLib.framework/Versions/A/libBLAS.dylib
0x0000000036f44000 	/System/Library/Frameworks/Accelerate.framework/Versions/A/Frameworks/vecLib.framework/Versions/A/libLinearAlgebra.dylib
0x0000000036f44000 	/System/Library/Frameworks/Accelerate.framework/Versions/A/Frameworks/vecLib.framework/Versions/A/libSparseBLAS.dylib
0x0000000036f44000 	/System/Library/Frameworks/ApplicationServices.framework/Versions/A/Frameworks/ATS.framework/Versions/A/Resources/libFontParser.dylib
0x0000000036f44000 	/System/Library/Frameworks/ApplicationServices.framework/Versions/A/Frameworks/ATS.framework/Versions/A/Resources/libFontRegistry.dylib
0x0000000036f44000 	/System/Library/Frameworks/ImageIO.framework/Versions/A/Resources/libJPEG.dylib
0x0000000036f44000 	/System/Library/Frameworks/ImageIO.framework/Versions/A/Resources/libTIFF.dylib
0x0000000036f44000 	/System/Library/Frameworks/ImageIO.framework/Versions/A/Resources/libPng.dylib
0x0000000036f44000 	/System/Library/Frameworks/ImageIO.framework/Versions/A/Resources/libGIF.dylib
0x0000000036f44000 	/System/Library/Frameworks/ImageIO.framework/Versions/A/Resources/libJP2.dylib
0x0000000036f44000 	/System/Library/Frameworks/ImageIO.framework/Versions/A/Resources/libRadiance.dylib
0x0000000036f44000 	/usr/lib/libcompression.dylib
0x0000000036f44000 	/System/Library/PrivateFrameworks/AppleJPEG.framework/Versions/A/AppleJPEG
0x0000000036f44000 	/usr/lib/libcups.2.dylib
0x0000000036f44000 	/System/Library/Frameworks/Kerberos.framework/Versions/A/Kerberos
0x0000000036f44000 	/System/Library/Frameworks/GSS.framework/Versions/A/GSS
0x0000000036f44000 	/usr/lib/libresolv.9.dylib
0x0000000036f44000 	/usr/lib/libiconv.2.dylib
0x0000000036f44000 	/System/Library/PrivateFrameworks/Heimdal.framework/Versions/A/Heimdal
0x0000000036f44000 	/usr/lib/libheimdal-asn1.dylib
0x0000000036f44000 	/System/Library/Frameworks/OpenDirectory.framework/Versions/A/OpenDirectory
0x0000000036f44000 	/System/Library/PrivateFrameworks/CommonAuth.framework/Versions/A/CommonAuth
0x0000000036f44000 	/System/Library/Frameworks/OpenDirectory.framework/Versions/A/Frameworks/CFOpenDirectory.framework/Versions/A/CFOpenDirectory
0x0000000036f44000 	/System/Library/Frameworks/SecurityFoundation.framework/Versions/A/SecurityFoundation
0x0000000036f44000 	/System/Library/PrivateFrameworks/LanguageModeling.framework/Versions/A/LanguageModeling
0x0000000036f44000 	/usr/lib/libmarisa.dylib
0x0000000036f44000 	/usr/lib/libChineseTokenizer.dylib
0x0000000036f44000 	/usr/lib/libcmph.dylib
0x0000000036f44000 	/System/Library/PrivateFrameworks/CoreEmoji.framework/Versions/A/CoreEmoji
0x0000000036f44000 	/System/Library/Frameworks/ServiceManagement.framework/Versions/A/ServiceManagement
0x0000000036f44000 	/usr/lib/libxslt.1.dylib
0x0000000036f44000 	/System/Library/Frameworks/Carbon.framework/Versions/A/Frameworks/Ink.framework/Versions/A/Ink
0x0000000036f44000 	/System/Library/PrivateFrameworks/TextureIO.framework/Versions/A/TextureIO
0x0000000036f44000 	/System/Library/Frameworks/Metal.framework/Versions/A/Metal
0x0000000036f44000 	/usr/lib/libate.dylib
0x0000000036f44000 	/System/Library/PrivateFrameworks/GPUCompiler.framework/libmetal_timestamp.dylib
0x0000000036f44000 	/System/Library/Frameworks/OpenGL.framework/Versions/A/Libraries/libCoreFSCache.dylib
0x0000000036f44000 	/System/Library/PrivateFrameworks/IOAccelerator.framework/Versions/A/IOAccelerator
0x0000000036f44000 	/System/Library/Frameworks/CoreVideo.framework/Versions/A/CoreVideo
0x0000000036f44000 	/usr/lib/libFosl_dynamic.dylib
0x0000000036f44000 	/System/Library/PrivateFrameworks/MetalPerformanceShaders.framework/Versions/A/MetalPerformanceShaders
0x0000000036f44000 	/System/Library/PrivateFrameworks/FaceCore.framework/Versions/A/FaceCore
0x0000000036f44000 	/System/Library/Frameworks/OpenCL.framework/Versions/A/OpenCL
0x0000000036f44000 	/System/Library/Frameworks/OpenGL.framework/Versions/A/Libraries/libGLU.dylib
0x0000000036f44000 	/System/Library/Frameworks/OpenGL.framework/Versions/A/Libraries/libGFXShared.dylib
0x0000000036f44000 	/System/Library/Frameworks/OpenGL.framework/Versions/A/Libraries/libGL.dylib
0x0000000036f44000 	/System/Library/Frameworks/OpenGL.framework/Versions/A/Libraries/libGLImage.dylib
0x0000000036f44000 	/System/Library/Frameworks/OpenGL.framework/Versions/A/Libraries/libCVMSPluginSupport.dylib
0x0000000036f44000 	/System/Library/Frameworks/OpenGL.framework/Versions/A/Libraries/libCoreVMClient.dylib
0x0000000036f44000 	/System/Library/PrivateFrameworks/CrashReporterSupport.framework/Versions/A/CrashReporterSupport
0x0000000036f44000 	/System/Library/PrivateFrameworks/Sharing.framework/Versions/A/Sharing
0x0000000036f44000 	/System/Library/PrivateFrameworks/IconServices.framework/Versions/A/IconServices
0x0000000036f44000 	/System/Library/PrivateFrameworks/ProtocolBuffer.framework/Versions/A/ProtocolBuffer
0x0000000036f44000 	/System/Library/PrivateFrameworks/Apple80211.framework/Versions/A/Apple80211
0x0000000036f44000 	/System/Library/Frameworks/CoreWLAN.framework/Versions/A/CoreWLAN
0x0000000036f44000 	/System/Library/PrivateFrameworks/CoreUtils.framework/Versions/A/CoreUtils
0x0000000036f44000 	/System/Library/Frameworks/IOBluetooth.framework/Versions/A/IOBluetooth
0x0000000036f44000 	/System/Library/PrivateFrameworks/CoreWiFi.framework/Versions/A/CoreWiFi
0x0000000036f44000 	/System/Library/Frameworks/CoreBluetooth.framework/Versions/A/CoreBluetooth
0x0000000036f44000 	/System/Library/Frameworks/CoreDisplay.framework/Versions/A/CoreDisplay
0x0000000036f44000 	/System/Library/PrivateFrameworks/IOPresentment.framework/Versions/A/IOPresentment
0x0000000036f44000 	/System/Library/PrivateFrameworks/DebugSymbols.framework/Versions/A/DebugSymbols
0x0000000036f44000 	/System/Library/PrivateFrameworks/CoreSymbolication.framework/Versions/A/CoreSymbolication
0x0000000036f44000 	/System/Library/PrivateFrameworks/Symbolication.framework/Versions/A/Symbolication
0x0000000036f44000 	/System/Library/PrivateFrameworks/AppleFSCompression.framework/Versions/A/AppleFSCompression
0x0000000036f44000 	/System/Library/PrivateFrameworks/SpeechRecognitionCore.framework/Versions/A/SpeechRecognitionCore
0x0000000036f44000 	/System/Library/PrivateFrameworks/ChunkingLibrary.framework/Versions/A/ChunkingLibrary
0x0000000101200000 	/Library/Java/JavaVirtualMachines/jdk1.8.0_45.jdk/Contents/Home/jre/lib/server/libjvm.dylib
0x0000000036f44000 	/usr/lib/libstdc++.6.dylib
0x0000000102169000 	/Library/Java/JavaVirtualMachines/jdk1.8.0_45.jdk/Contents/Home/jre/lib/libverify.dylib
0x0000000102177000 	/Library/Java/JavaVirtualMachines/jdk1.8.0_45.jdk/Contents/Home/jre/lib/libjava.dylib
0x00000001021b4000 	/Library/Java/JavaVirtualMachines/jdk1.8.0_45.jdk/Contents/Home/jre/lib/libzip.dylib
0x0000000107236000 	/System/Library/Frameworks/JavaVM.framework/Frameworks/JavaRuntimeSupport.framework/JavaRuntimeSupport
0x0000000107250000 	/System/Library/Frameworks/JavaVM.framework/Versions/A/Frameworks/JavaNativeFoundation.framework/Versions/A/JavaNativeFoundation
0x0000000107265000 	/System/Library/Frameworks/JavaVM.framework/Versions/A/JavaVM
0x0000000036f44000 	/System/Library/Frameworks/Carbon.framework/Versions/A/Carbon
0x0000000107272000 	/System/Library/PrivateFrameworks/JavaLaunching.framework/Versions/A/JavaLaunching
0x0000000036f44000 	/System/Library/Frameworks/Carbon.framework/Versions/A/Frameworks/CommonPanels.framework/Versions/A/CommonPanels
0x0000000036f44000 	/System/Library/Frameworks/Carbon.framework/Versions/A/Frameworks/Help.framework/Versions/A/Help
0x0000000036f44000 	/System/Library/Frameworks/Carbon.framework/Versions/A/Frameworks/ImageCapture.framework/Versions/A/ImageCapture
0x0000000036f44000 	/System/Library/Frameworks/Carbon.framework/Versions/A/Frameworks/OpenScripting.framework/Versions/A/OpenScripting
0x0000000036f44000 	/System/Library/Frameworks/Carbon.framework/Versions/A/Frameworks/Print.framework/Versions/A/Print
0x0000000036f44000 	/System/Library/Frameworks/Carbon.framework/Versions/A/Frameworks/SecurityHI.framework/Versions/A/SecurityHI
0x000000010a145000 	/Library/Java/JavaVirtualMachines/jdk1.8.0_45.jdk/Contents/Home/jre/lib/libawt.dylib
0x0000000119386000 	/Library/Java/JavaVirtualMachines/jdk1.8.0_45.jdk/Contents/Home/jre/lib/./libmlib_image.dylib
0x0000000119452000 	/Library/Java/JavaVirtualMachines/jdk1.8.0_45.jdk/Contents/Home/jre/lib/libawt_lwawt.dylib
0x000000010a1ed000 	/Library/Java/JavaVirtualMachines/jdk1.8.0_45.jdk/Contents/Home/jre/lib/./libosxapp.dylib
0x0000000036f44000 	/System/Library/Frameworks/ExceptionHandling.framework/Versions/A/ExceptionHandling
0x0000000036f44000 	/System/Library/PrivateFrameworks/CoreServicesInternal.framework/Versions/A/CoreServicesInternal
0x0000000036f44000 	/System/Library/CoreServices/RawCamera.bundle/Contents/MacOS/RawCamera
0x0000000036f44000 	/System/Library/Frameworks/Accelerate.framework/Versions/A/Frameworks/vImage.framework/Versions/A/Libraries/libCGInterfaces.dylib
0x0000000036f44000 	/System/Library/Frameworks/ApplicationServices.framework/Versions/A/Frameworks/ATS.framework/Versions/A/Resources/libTrueTypeScaler.dylib
0x0000000036f44000 	/System/Library/Frameworks/OpenGL.framework/Versions/A/Resources/GLEngine.bundle/GLEngine
0x0000000036f44000 	/System/Library/Frameworks/OpenGL.framework/Versions/A/Libraries/libGLProgrammability.dylib
0x000000011b660000 	/System/Library/Extensions/AppleIntelHD5000GraphicsGLDriver.bundle/Contents/MacOS/AppleIntelHD5000GraphicsGLDriver
0x0000000036f44000 	/System/Library/PrivateFrameworks/GPUSupport.framework/Versions/A/Libraries/libGPUSupportMercury.dylib
0x0000000036f44000 	/System/Library/Extensions/GeForceGLDriver.bundle/Contents/MacOS/GeForceGLDriver
0x0000000036f44000 	/System/Library/Extensions/GeForceGLDriver.bundle/Contents/MacOS/libclh.dylib
0x0000000036f44000 	/System/Library/Frameworks/OpenGL.framework/Versions/A/Resources/GLRendererFloat.bundle/GLRendererFloat
0x0000000036f44000 	/System/Library/Frameworks/OpenCL.framework/Versions/A/Libraries/libcldcpuengine.dylib
0x0000000036f44000 	/usr/lib/libcrypto.0.9.8.dylib
0x0000000036f44000 	/System/Library/PrivateFrameworks/TrustEvaluationAgent.framework/Versions/A/TrustEvaluationAgent
0x0000000036f44000 	/System/Library/Extensions/GeForceMTLDriver.bundle/Contents/MacOS/GeForceMTLDriver
0x000000011bdde000 	/System/Library/Extensions/AppleIntelHD5000GraphicsMTLDriver.bundle/Contents/MacOS/AppleIntelHD5000GraphicsMTLDriver
0x0000000036f44000 	/System/Library/PrivateFrameworks/FamilyControls.framework/Versions/A/FamilyControls
0x0000000036f44000 	/System/Library/PrivateFrameworks/CommerceKit.framework/Versions/A/Frameworks/CommerceCore.framework/Versions/A/CommerceCore
0x0000000036f44000 	/System/Library/PrivateFrameworks/SystemAdministration.framework/Versions/A/SystemAdministration
0x0000000036f44000 	/System/Library/PrivateFrameworks/AppContainer.framework/Versions/A/AppContainer
0x0000000036f44000 	/System/Library/PrivateFrameworks/SecCodeWrapper.framework/Versions/A/SecCodeWrapper
0x0000000036f44000 	/System/Library/Frameworks/DirectoryService.framework/Versions/A/DirectoryService
0x0000000036f44000 	/System/Library/PrivateFrameworks/DiskImages.framework/Versions/A/DiskImages
0x0000000036f44000 	/System/Library/PrivateFrameworks/LoginUIKit.framework/Versions/A/Frameworks/LoginUICore.framework/Versions/A/LoginUICore
0x0000000036f44000 	/usr/lib/libCoreStorage.dylib
0x0000000036f44000 	/usr/lib/libcsfde.dylib
0x0000000036f44000 	/usr/lib/libodfde.dylib
0x0000000036f44000 	/System/Library/Frameworks/DiscRecording.framework/Versions/A/DiscRecording
0x0000000036f44000 	/usr/lib/libcurl.4.dylib
0x0000000036f44000 	/System/Library/PrivateFrameworks/MediaKit.framework/Versions/A/MediaKit
0x0000000036f44000 	/System/Library/PrivateFrameworks/ProtectedCloudStorage.framework/Versions/A/ProtectedCloudStorage
0x0000000036f44000 	/System/Library/PrivateFrameworks/EFILogin.framework/Versions/A/EFILogin
0x0000000036f44000 	/usr/lib/libutil.dylib
0x0000000036f44000 	/System/Library/Frameworks/LDAP.framework/Versions/A/LDAP
0x0000000036f44000 	/usr/lib/libsasl2.2.dylib
0x0000000036f44000 	/System/Library/PrivateFrameworks/CoreDaemon.framework/Versions/B/CoreDaemon
0x0000000036f44000 	/System/Library/PrivateFrameworks/AppleSRP.framework/Versions/A/AppleSRP
0x0000000036f44000 	/System/Library/PrivateFrameworks/APFS.framework/Versions/A/APFS
0x000000011d186000 	/Library/Java/JavaVirtualMachines/jdk1.8.0_45.jdk/Contents/Home/jre/lib/libfontmanager.dylib
0x0000000036f44000 	/System/Library/PrivateFrameworks/ViewBridge.framework/Versions/A/ViewBridge
0x0000000036f44000 	/System/Library/PrivateFrameworks/XPCService.framework/Versions/A/XPCService
0x0000000036f44000 	/System/Library/PrivateFrameworks/AppSandbox.framework/Versions/A/AppSandbox
0x0000000036f44000 	/usr/lib/libsandbox.1.dylib
0x0000000036f44000 	/usr/lib/libMatch.1.dylib
0x000000011e125000 	/Library/Java/JavaVirtualMachines/jdk1.8.0_45.jdk/Contents/Home/jre/lib/libosxui.dylib
0x000000011eff5000 	/Library/Java/JavaVirtualMachines/jdk1.8.0_45.jdk/Contents/Home/jre/lib/libmanagement.dylib
0x000000011b312000 	/Library/Java/JavaVirtualMachines/jdk1.8.0_45.jdk/Contents/Home/jre/lib/libosx.dylib
0x000000011b320000 	/Library/Java/JavaVirtualMachines/jdk1.8.0_45.jdk/Contents/Home/jre/lib/libnet.dylib
0x00000001098a0000 	/Library/Java/JavaVirtualMachines/jdk1.8.0_45.jdk/Contents/Home/jre/lib/libjaas_unix.dylib
0x00000001098b6000 	/Library/Java/JavaVirtualMachines/jdk1.8.0_45.jdk/Contents/Home/jre/lib/libnio.dylib
0x000000011dabc000 	/private/var/folders/yj/n5pw3j4923n7xk2vk5lxz7q00000gn/T/liblz4-java7901766225027646867.dylib

VM Arguments:
jvm_args: -Xmx1g 
java_command: org.apache.spark.deploy.SparkSubmit --master local[*] --class clustering.LabelDemo target/scala-2.11/GMMMIL-assembly-1.0.jar
java_class_path (initial): /usr/local/Cellar/apache-spark/2.0.1/libexec/conf/:/usr/local/Cellar/apache-spark/2.0.1/libexec/jars/activation-1.1.1.jar:/usr/local/Cellar/apache-spark/2.0.1/libexec/jars/antlr-2.7.7.jar:/usr/local/Cellar/apache-spark/2.0.1/libexec/jars/antlr-runtime-3.4.jar:/usr/local/Cellar/apache-spark/2.0.1/libexec/jars/antlr4-runtime-4.5.3.jar:/usr/local/Cellar/apache-spark/2.0.1/libexec/jars/aopalliance-1.0.jar:/usr/local/Cellar/apache-spark/2.0.1/libexec/jars/aopalliance-repackaged-2.4.0-b34.jar:/usr/local/Cellar/apache-spark/2.0.1/libexec/jars/apache-log4j-extras-1.2.17.jar:/usr/local/Cellar/apache-spark/2.0.1/libexec/jars/apacheds-i18n-2.0.0-M15.jar:/usr/local/Cellar/apache-spark/2.0.1/libexec/jars/apacheds-kerberos-codec-2.0.0-M15.jar:/usr/local/Cellar/apache-spark/2.0.1/libexec/jars/api-asn1-api-1.0.0-M20.jar:/usr/local/Cellar/apache-spark/2.0.1/libexec/jars/api-util-1.0.0-M20.jar:/usr/local/Cellar/apache-spark/2.0.1/libexec/jars/arpack_combined_all-0.1.jar:/usr/local/Cellar/apache-spark/2.0.1/libexec/jars/avro-1.7.7.jar:/usr/local/Cellar/apache-spark/2.0.1/libexec/jars/avro-ipc-1.7.7.jar:/usr/local/Cellar/apache-spark/2.0.1/libexec/jars/avro-mapred-1.7.7-hadoop2.jar:/usr/local/Cellar/apache-spark/2.0.1/libexec/jars/base64-2.3.8.jar:/usr/local/Cellar/apache-spark/2.0.1/libexec/jars/bcprov-jdk15on-1.51.jar:/usr/local/Cellar/apache-spark/2.0.1/libexec/jars/bonecp-0.8.0.RELEASE.jar:/usr/local/Cellar/apache-spark/2.0.1/libexec/jars/breeze-macros_2.11-0.11.2.jar:/usr/local/Cellar/apache-spark/2.0.1/libexec/jars/breeze_2.11-0.11.2.jar:/usr/local/Cellar/apache-spark/2.0.1/libexec/jars/calcite-avatica-1.2.0-incubating.jar:/usr/local/Cellar/apache-spark/2.0.1/libexec/jars/calcite-core-1.2.0-incubating.jar:/usr/local/Cellar/apache-spark/2.0.1/libexec/jars/calcite-linq4j-1.2.0-incubating.jar:/usr/local/Cellar/apache-spark/2.0.1/libexec/jars/chill-java-0.8.0.jar:/usr/local/Cellar/apache-spark/2.0.1/libexec/jars/chill_2.11-0.8.0.jar:/usr/local/Cellar/apac
Launcher Type: SUN_STANDARD

Environment Variables:
JAVA_HOME=/Library/Java/JavaVirtualMachines/jdk1.8.0_45.jdk/Contents/Home
CLASSPATH=.:/usr/local/lib/antlr-4.5-complete.jar:.:/usr/local/lib/antlr-4.5-complete.jar:
PATH=/usr/local/cuda/bin:/bin:/sbin:/usr/local/bin:/usr/bin:/usr/local/sbin:/Users/ben/bin:/usr/local/cuda/bin:/usr/local/cuda/bin:/bin:/sbin:/usr/local/bin:/usr/bin:/usr/local/sbin:/Users/ben/bin:/usr/local/cuda/bin:/usr/local/bin:/usr/bin:/bin:/usr/sbin:/sbin:/opt/X11/bin
SHELL=/bin/bash
DISPLAY=/private/tmp/com.apple.launchd.dqCVvlS1bO/org.macosforge.xquartz:0

Signal Handlers:
SIGSEGV: [libjvm.dylib+0x58ef95], sa_mask[0]=11111111011111110111111111111111, sa_flags=SA_ONSTACK|SA_RESTART|SA_SIGINFO
SIGBUS: [libjvm.dylib+0x58ef95], sa_mask[0]=11111111011111110111111111111111, sa_flags=SA_RESTART|SA_SIGINFO
SIGFPE: [libjvm.dylib+0x46c108], sa_mask[0]=11111111011111110111111111111111, sa_flags=SA_RESTART|SA_SIGINFO
SIGPIPE: [libjvm.dylib+0x46c108], sa_mask[0]=11111111011111110111111111111111, sa_flags=SA_RESTART|SA_SIGINFO
SIGXFSZ: [libjvm.dylib+0x46c108], sa_mask[0]=11111111011111110111111111111111, sa_flags=SA_RESTART|SA_SIGINFO
SIGILL: [libjvm.dylib+0x46c108], sa_mask[0]=11111111011111110111111111111111, sa_flags=SA_RESTART|SA_SIGINFO
SIGUSR1: SIG_DFL, sa_mask[0]=11011111011111100000000111000110, sa_flags=none
SIGUSR2: [libjvm.dylib+0x46bc26], sa_mask[0]=00000000000000000000000000000000, sa_flags=SA_RESTART|SA_SIGINFO
SIGHUP: [libjvm.dylib+0x46a1f9], sa_mask[0]=11111111011111110111111111111111, sa_flags=SA_RESTART|SA_SIGINFO
SIGINT: [libjvm.dylib+0x46a1f9], sa_mask[0]=11111111011111110111111111111111, sa_flags=SA_RESTART|SA_SIGINFO
SIGTERM: [libjvm.dylib+0x46a1f9], sa_mask[0]=11111111011111110111111111111111, sa_flags=SA_RESTART|SA_SIGINFO
SIGQUIT: [libjvm.dylib+0x46a1f9], sa_mask[0]=11111111011111110111111111111111, sa_flags=SA_RESTART|SA_SIGINFO


---------------  S Y S T E M  ---------------

OS:Bsduname:Darwin 16.1.0 Darwin Kernel Version 16.1.0: Thu Oct 13 21:26:57 PDT 2016; root:xnu-3789.21.3~60/RELEASE_X86_64 x86_64
rlimit: STACK 8192k, CORE 0k, NPROC 709, NOFILE 10240, AS infinity
load average:5.32 5.64 5.72

CPU:total 8 (4 cores per cpu, 2 threads per core) family 6 model 70 stepping 1, cmov, cx8, fxsr, mmx, sse, sse2, sse3, ssse3, sse4.1, sse4.2, popcnt, avx, avx2, aes, clmul, erms, rtm, lzcnt, ht, tsc, tscinvbit, bmi1, bmi2

Memory: 4k page, physical 16777216k(694368k free)

/proc/meminfo:


vm_info: Java HotSpot(TM) 64-Bit Server VM (25.45-b02) for bsd-amd64 JRE (1.8.0_45-b14), built on Apr 10 2015 10:46:38 by "java_re" with gcc 4.2.1 (Based on Apple Inc. build 5658) (LLVM build 2336.11.00)

time: Sat Nov  5 13:00:50 2016
elapsed time: 57420 seconds (0d 15h 57m 0s)

